<?xml version="1.0" encoding="UTF-8"?>
<testsuite xmlns:xsi="http://www.w3.org/2001/XMLSchema-instance" xsi:noNamespaceSchemaLocation="https://maven.apache.org/surefire/maven-surefire-plugin/xsd/surefire-test-report.xsd" name="com.piggymetrics.notification.controller.NotificationControllerCrudTest" time="10.691" tests="5" errors="0" skipped="0" failures="0">
  <properties>
[...]
</properties>
  <testcase name="getNotificationNotFound" classname="com.piggymetrics.notification.controller.NotificationControllerCrudTest" time="0.331"/>
  <testcase name="deleteNotification" classname="com.piggymetrics.notification.controller.NotificationControllerCrudTest" time="0.158"/>
  <testcase name="markAsRead" classname="com.piggymetrics.notification.controller.NotificationControllerCrudTest" time="0.09"/>
  <testcase name="createAndGetNotification" classname="com.piggymetrics.notification.controller.NotificationControllerCrudTest" time="0.048"/>
  <testcase name="getNotificationsByUser" classname="com.piggymetrics.notification.controller.NotificationControllerCrudTest" time="0.045"/>
</testsuite>